Command: vcs -full64 -timescale=1ns/1ns -sverilog -l comp.log -ntb_opts uvm -f rtl.f \
-f tb.f ../top/weighted_round_robin_tb_top.sv -cm line+tgl+cond+branch+fsm -cm_dir \
./coverage_data
                         Chronologic VCS (TM)
         Version W-2024.09_Full64 -- Wed Aug 20 15:44:50 2025

                    Copyright (c) 1991 - 2024 Synopsys, Inc.
   This software and the associated documentation are proprietary to Synopsys,
 Inc. This software may only be used in accordance with the terms and conditions
 of a written license agreement with Synopsys, Inc. All other use, reproduction,
   or distribution of this software is strictly prohibited.  Licensed Products
     communicate with Synopsys servers for the purpose of providing software
    updates, detecting software piracy and verifying that customers are using
    Licensed Products in conformity with the applicable License Key for such
  Licensed Products. Synopsys will use information gathered in connection with
    this process to deliver software updates and pursue software pirates and
                                   infringers.

 Inclusivity & Diversity - Visit SolvNetPlus to read the "Synopsys Statement on
            Inclusivity and Diversity" (Refer to article 000036315 at
                        https://solvnetplus.synopsys.com)

Parsing design file '/usr/synopsys/vcs/W-2024.09/etc/uvm/uvm_pkg.sv'
Parsing included file '/usr/synopsys/vcs/W-2024.09/etc/uvm/uvm_macros.svh'.
Parsing included file '/usr/synopsys/vcs/W-2024.09/etc/uvm/macros/uvm_version_defines.svh'.
Back to file '/usr/synopsys/vcs/W-2024.09/etc/uvm/uvm_macros.svh'.
Parsing included file '/usr/synopsys/vcs/W-2024.09/etc/uvm/macros/snps_macros.svp'.
Back to file '/usr/synopsys/vcs/W-2024.09/etc/uvm/uvm_macros.svh'.
Parsing included file '/usr/synopsys/vcs/W-2024.09/etc/uvm/macros/uvm_message_defines.svh'.
Back to file '/usr/synopsys/vcs/W-2024.09/etc/uvm/uvm_macros.svh'.
Parsing included file '/usr/synopsys/vcs/W-2024.09/etc/uvm/macros/uvm_phase_defines.svh'.
Back to file '/usr/synopsys/vcs/W-2024.09/etc/uvm/uvm_macros.svh'.
Parsing included file '/usr/synopsys/vcs/W-2024.09/etc/uvm/macros/uvm_object_defines.svh'.
Back to file '/usr/synopsys/vcs/W-2024.09/etc/uvm/uvm_macros.svh'.
Parsing included file '/usr/synopsys/vcs/W-2024.09/etc/uvm/macros/uvm_printer_defines.svh'.
Back to file '/usr/synopsys/vcs/W-2024.09/etc/uvm/uvm_macros.svh'.
Parsing included file '/usr/synopsys/vcs/W-2024.09/etc/uvm/macros/uvm_tlm_defines.svh'.
Parsing included file '/usr/synopsys/vcs/W-2024.09/etc/uvm/tlm1/uvm_tlm_imps.svh'.
Back to file '/usr/synopsys/vcs/W-2024.09/etc/uvm/macros/uvm_tlm_defines.svh'.
Back to file '/usr/synopsys/vcs/W-2024.09/etc/uvm/uvm_macros.svh'.
Parsing included file '/usr/synopsys/vcs/W-2024.09/etc/uvm/macros/uvm_sequence_defines.svh'.
Back to file '/usr/synopsys/vcs/W-2024.09/etc/uvm/uvm_macros.svh'.
Parsing included file '/usr/synopsys/vcs/W-2024.09/etc/uvm/macros/uvm_callback_defines.svh'.
Back to file '/usr/synopsys/vcs/W-2024.09/etc/uvm/uvm_macros.svh'.
Parsing included file '/usr/synopsys/vcs/W-2024.09/etc/uvm/macros/uvm_reg_defines.svh'.
Back to file '/usr/synopsys/vcs/W-2024.09/etc/uvm/uvm_macros.svh'.
Parsing included file '/usr/synopsys/vcs/W-2024.09/etc/uvm/macros/uvm_deprecated_defines.svh'.
Back to file '/usr/synopsys/vcs/W-2024.09/etc/uvm/uvm_macros.svh'.
Back to file '/usr/synopsys/vcs/W-2024.09/etc/uvm/uvm_pkg.sv'.
Parsing included file '/usr/synopsys/vcs/W-2024.09/etc/uvm/directc/uvm_directc.svh'.
Parsing included file '/usr/synopsys/vcs/W-2024.09/etc/uvm/directc/uvm_seed.vh'.
Back to file '/usr/synopsys/vcs/W-2024.09/etc/uvm/directc/uvm_directc.svh'.
Back to file '/usr/synopsys/vcs/W-2024.09/etc/uvm/uvm_pkg.sv'.
Parsing included file '/usr/synopsys/vcs/W-2024.09/etc/uvm/dpi/uvm_dpi.svh'.
Parsing included file '/usr/synopsys/vcs/W-2024.09/etc/uvm/dpi/uvm_hdl.svh'.
Back to file '/usr/synopsys/vcs/W-2024.09/etc/uvm/dpi/uvm_dpi.svh'.
Parsing included file '/usr/synopsys/vcs/W-2024.09/etc/uvm/dpi/uvm_svcmd_dpi.svh'.
Back to file '/usr/synopsys/vcs/W-2024.09/etc/uvm/dpi/uvm_dpi.svh'.
Parsing included file '/usr/synopsys/vcs/W-2024.09/etc/uvm/dpi/uvm_regex.svh'.
Back to file '/usr/synopsys/vcs/W-2024.09/etc/uvm/dpi/uvm_dpi.svh'.
Back to file '/usr/synopsys/vcs/W-2024.09/etc/uvm/uvm_pkg.sv'.
Parsing included file '/usr/synopsys/vcs/W-2024.09/etc/uvm/base/uvm_base.svh'.
Parsing included file '/usr/synopsys/vcs/W-2024.09/etc/uvm/base/uvm_version.svh'.
Back to file '/usr/synopsys/vcs/W-2024.09/etc/uvm/base/uvm_base.svh'.
Parsing included file '/usr/synopsys/vcs/W-2024.09/etc/uvm/base/uvm_object_globals.svh'.
Back to file '/usr/synopsys/vcs/W-2024.09/etc/uvm/base/uvm_base.svh'.
Parsing included file '/usr/synopsys/vcs/W-2024.09/etc/uvm/base/uvm_misc.svh'.
Back to file '/usr/synopsys/vcs/W-2024.09/etc/uvm/base/uvm_base.svh'.
Parsing included file '/usr/synopsys/vcs/W-2024.09/etc/uvm/base/uvm_object.svh'.
Back to file '/usr/synopsys/vcs/W-2024.09/etc/uvm/base/uvm_base.svh'.
Parsing included file '/usr/synopsys/vcs/W-2024.09/etc/uvm/base/uvm_pool.svh'.
Back to file '/usr/synopsys/vcs/W-2024.09/etc/uvm/base/uvm_base.svh'.
Parsing included file '/usr/synopsys/vcs/W-2024.09/etc/uvm/base/uvm_queue.svh'.
Back to file '/usr/synopsys/vcs/W-2024.09/etc/uvm/base/uvm_base.svh'.
Parsing included file '/usr/synopsys/vcs/W-2024.09/etc/uvm/base/uvm_factory.svh'.
Back to file '/usr/synopsys/vcs/W-2024.09/etc/uvm/base/uvm_base.svh'.
Parsing included file '/usr/synopsys/vcs/W-2024.09/etc/uvm/base/uvm_registry.svh'.
Back to file '/usr/synopsys/vcs/W-2024.09/etc/uvm/base/uvm_base.svh'.
Parsing included file '/usr/synopsys/vcs/W-2024.09/etc/uvm/base/uvm_spell_chkr.svh'.
Back to file '/usr/synopsys/vcs/W-2024.09/etc/uvm/base/uvm_base.svh'.
Parsing included file '/usr/synopsys/vcs/W-2024.09/etc/uvm/base/uvm_resource.svh'.
Back to file '/usr/synopsys/vcs/W-2024.09/etc/uvm/base/uvm_base.svh'.
Parsing included file '/usr/synopsys/vcs/W-2024.09/etc/uvm/deprecated/uvm_resource_converter.svh'.
Back to file '/usr/synopsys/vcs/W-2024.09/etc/uvm/base/uvm_base.svh'.
Parsing included file '/usr/synopsys/vcs/W-2024.09/etc/uvm/base/uvm_resource_specializations.svh'.
Back to file '/usr/synopsys/vcs/W-2024.09/etc/uvm/base/uvm_base.svh'.
Parsing included file '/usr/synopsys/vcs/W-2024.09/etc/uvm/base/uvm_resource_db.svh'.
Back to file '/usr/synopsys/vcs/W-2024.09/etc/uvm/base/uvm_base.svh'.
Parsing included file '/usr/synopsys/vcs/W-2024.09/etc/uvm/base/uvm_config_db.svh'.
Back to file '/usr/synopsys/vcs/W-2024.09/etc/uvm/base/uvm_base.svh'.
Parsing included file '/usr/synopsys/vcs/W-2024.09/etc/uvm/base/uvm_printer.svh'.
Back to file '/usr/synopsys/vcs/W-2024.09/etc/uvm/base/uvm_base.svh'.
Parsing included file '/usr/synopsys/vcs/W-2024.09/etc/uvm/base/uvm_comparer.svh'.
Back to file '/usr/synopsys/vcs/W-2024.09/etc/uvm/base/uvm_base.svh'.
Parsing included file '/usr/synopsys/vcs/W-2024.09/etc/uvm/base/uvm_packer.svh'.
Back to file '/usr/synopsys/vcs/W-2024.09/etc/uvm/base/uvm_base.svh'.
Parsing included file '/usr/synopsys/vcs/W-2024.09/etc/uvm/base/uvm_recorder.svh'.
Back to file '/usr/synopsys/vcs/W-2024.09/etc/uvm/base/uvm_base.svh'.
Parsing included file '/usr/synopsys/vcs/W-2024.09/etc/uvm/base/uvm_event_callback.svh'.
Back to file '/usr/synopsys/vcs/W-2024.09/etc/uvm/base/uvm_base.svh'.
Parsing included file '/usr/synopsys/vcs/W-2024.09/etc/uvm/base/uvm_event.svh'.
Back to file '/usr/synopsys/vcs/W-2024.09/etc/uvm/base/uvm_base.svh'.
Parsing included file '/usr/synopsys/vcs/W-2024.09/etc/uvm/base/uvm_barrier.svh'.
Back to file '/usr/synopsys/vcs/W-2024.09/etc/uvm/base/uvm_base.svh'.
Parsing included file '/usr/synopsys/vcs/W-2024.09/etc/uvm/base/uvm_callback.svh'.
Parsing included file '/usr/synopsys/vcs/W-2024.09/etc/uvm/uvm_macros.svh'.
Back to file '/usr/synopsys/vcs/W-2024.09/etc/uvm/base/uvm_callback.svh'.
Back to file '/usr/synopsys/vcs/W-2024.09/etc/uvm/base/uvm_base.svh'.
Parsing included file '/usr/synopsys/vcs/W-2024.09/etc/uvm/base/uvm_report_catcher.svh'.
Back to file '/usr/synopsys/vcs/W-2024.09/etc/uvm/base/uvm_base.svh'.
Parsing included file '/usr/synopsys/vcs/W-2024.09/etc/uvm/base/uvm_report_server.svh'.
Back to file '/usr/synopsys/vcs/W-2024.09/etc/uvm/base/uvm_base.svh'.
Parsing included file '/usr/synopsys/vcs/W-2024.09/etc/uvm/base/uvm_report_handler.svh'.
Back to file '/usr/synopsys/vcs/W-2024.09/etc/uvm/base/uvm_base.svh'.
Parsing included file '/usr/synopsys/vcs/W-2024.09/etc/uvm/base/uvm_report_object.svh'.
Back to file '/usr/synopsys/vcs/W-2024.09/etc/uvm/base/uvm_base.svh'.
Parsing included file '/usr/synopsys/vcs/W-2024.09/etc/uvm/base/uvm_transaction.svh'.
Back to file '/usr/synopsys/vcs/W-2024.09/etc/uvm/base/uvm_base.svh'.
Parsing included file '/usr/synopsys/vcs/W-2024.09/etc/uvm/base/uvm_phase.svh'.
Back to file '/usr/synopsys/vcs/W-2024.09/etc/uvm/base/uvm_base.svh'.
Parsing included file '/usr/synopsys/vcs/W-2024.09/etc/uvm/base/uvm_domain.svh'.
Back to file '/usr/synopsys/vcs/W-2024.09/etc/uvm/base/uvm_base.svh'.
Parsing included file '/usr/synopsys/vcs/W-2024.09/etc/uvm/base/uvm_bottomup_phase.svh'.
Back to file '/usr/synopsys/vcs/W-2024.09/etc/uvm/base/uvm_base.svh'.
Parsing included file '/usr/synopsys/vcs/W-2024.09/etc/uvm/base/uvm_topdown_phase.svh'.
Back to file '/usr/synopsys/vcs/W-2024.09/etc/uvm/base/uvm_base.svh'.
Parsing included file '/usr/synopsys/vcs/W-2024.09/etc/uvm/base/uvm_task_phase.svh'.
Back to file '/usr/synopsys/vcs/W-2024.09/etc/uvm/base/uvm_base.svh'.
Parsing included file '/usr/synopsys/vcs/W-2024.09/etc/uvm/base/uvm_common_phases.svh'.
Back to file '/usr/synopsys/vcs/W-2024.09/etc/uvm/base/uvm_base.svh'.
Parsing included file '/usr/synopsys/vcs/W-2024.09/etc/uvm/base/uvm_runtime_phases.svh'.
Back to file '/usr/synopsys/vcs/W-2024.09/etc/uvm/base/uvm_base.svh'.
Parsing included file '/usr/synopsys/vcs/W-2024.09/etc/uvm/base/uvm_component.svh'.
Parsing included file '/usr/synopsys/vcs/W-2024.09/etc/uvm/base/uvm_root.svh'.
Back to file '/usr/synopsys/vcs/W-2024.09/etc/uvm/base/uvm_component.svh'.
Back to file '/usr/synopsys/vcs/W-2024.09/etc/uvm/base/uvm_base.svh'.
Parsing included file '/usr/synopsys/vcs/W-2024.09/etc/uvm/base/uvm_objection.svh'.
Back to file '/usr/synopsys/vcs/W-2024.09/etc/uvm/base/uvm_base.svh'.
Parsing included file '/usr/synopsys/vcs/W-2024.09/etc/uvm/base/uvm_heartbeat.svh'.
Back to file '/usr/synopsys/vcs/W-2024.09/etc/uvm/base/uvm_base.svh'.
Parsing included file '/usr/synopsys/vcs/W-2024.09/etc/uvm/base/uvm_globals.svh'.
Back to file '/usr/synopsys/vcs/W-2024.09/etc/uvm/base/uvm_base.svh'.
Parsing included file '/usr/synopsys/vcs/W-2024.09/etc/uvm/base/uvm_cmdline_processor.svh'.
Back to file '/usr/synopsys/vcs/W-2024.09/etc/uvm/base/uvm_base.svh'.
Back to file '/usr/synopsys/vcs/W-2024.09/etc/uvm/uvm_pkg.sv'.
Parsing included file '/usr/synopsys/vcs/W-2024.09/etc/uvm/tlm1/uvm_tlm.svh'.
Parsing included file '/usr/synopsys/vcs/W-2024.09/etc/uvm/tlm1/uvm_tlm_ifs.svh'.
Back to file '/usr/synopsys/vcs/W-2024.09/etc/uvm/tlm1/uvm_tlm.svh'.
Parsing included file '/usr/synopsys/vcs/W-2024.09/etc/uvm/tlm1/uvm_sqr_ifs.svh'.
Back to file '/usr/synopsys/vcs/W-2024.09/etc/uvm/tlm1/uvm_tlm.svh'.
Parsing included file '/usr/synopsys/vcs/W-2024.09/etc/uvm/base/uvm_port_base.svh'.
Back to file '/usr/synopsys/vcs/W-2024.09/etc/uvm/tlm1/uvm_tlm.svh'.
Parsing included file '/usr/synopsys/vcs/W-2024.09/etc/uvm/tlm1/uvm_tlm_imps.svh'.
Back to file '/usr/synopsys/vcs/W-2024.09/etc/uvm/tlm1/uvm_tlm.svh'.
Parsing included file '/usr/synopsys/vcs/W-2024.09/etc/uvm/tlm1/uvm_imps.svh'.
Back to file '/usr/synopsys/vcs/W-2024.09/etc/uvm/tlm1/uvm_tlm.svh'.
Parsing included file '/usr/synopsys/vcs/W-2024.09/etc/uvm/tlm1/uvm_ports.svh'.
Back to file '/usr/synopsys/vcs/W-2024.09/etc/uvm/tlm1/uvm_tlm.svh'.
Parsing included file '/usr/synopsys/vcs/W-2024.09/etc/uvm/tlm1/uvm_exports.svh'.
Back to file '/usr/synopsys/vcs/W-2024.09/etc/uvm/tlm1/uvm_tlm.svh'.
Parsing included file '/usr/synopsys/vcs/W-2024.09/etc/uvm/tlm1/uvm_analysis_port.svh'.
Back to file '/usr/synopsys/vcs/W-2024.09/etc/uvm/tlm1/uvm_tlm.svh'.
Parsing included file '/usr/synopsys/vcs/W-2024.09/etc/uvm/tlm1/uvm_tlm_fifo_base.svh'.
Back to file '/usr/synopsys/vcs/W-2024.09/etc/uvm/tlm1/uvm_tlm.svh'.
Parsing included file '/usr/synopsys/vcs/W-2024.09/etc/uvm/tlm1/uvm_tlm_fifos.svh'.
Back to file '/usr/synopsys/vcs/W-2024.09/etc/uvm/tlm1/uvm_tlm.svh'.
Parsing included file '/usr/synopsys/vcs/W-2024.09/etc/uvm/tlm1/uvm_tlm_req_rsp.svh'.
Back to file '/usr/synopsys/vcs/W-2024.09/etc/uvm/tlm1/uvm_tlm.svh'.
Parsing included file '/usr/synopsys/vcs/W-2024.09/etc/uvm/tlm1/uvm_sqr_connections.svh'.
Back to file '/usr/synopsys/vcs/W-2024.09/etc/uvm/tlm1/uvm_tlm.svh'.
Back to file '/usr/synopsys/vcs/W-2024.09/etc/uvm/uvm_pkg.sv'.
Parsing included file '/usr/synopsys/vcs/W-2024.09/etc/uvm/comps/uvm_comps.svh'.
Parsing included file '/usr/synopsys/vcs/W-2024.09/etc/uvm/comps/uvm_pair.svh'.
Back to file '/usr/synopsys/vcs/W-2024.09/etc/uvm/comps/uvm_comps.svh'.
Parsing included file '/usr/synopsys/vcs/W-2024.09/etc/uvm/comps/uvm_policies.svh'.
Back to file '/usr/synopsys/vcs/W-2024.09/etc/uvm/comps/uvm_comps.svh'.
Parsing included file '/usr/synopsys/vcs/W-2024.09/etc/uvm/comps/uvm_in_order_comparator.svh'.
Back to file '/usr/synopsys/vcs/W-2024.09/etc/uvm/comps/uvm_comps.svh'.
Parsing included file '/usr/synopsys/vcs/W-2024.09/etc/uvm/comps/uvm_algorithmic_comparator.svh'.
Back to file '/usr/synopsys/vcs/W-2024.09/etc/uvm/comps/uvm_comps.svh'.
Parsing included file '/usr/synopsys/vcs/W-2024.09/etc/uvm/comps/uvm_random_stimulus.svh'.
Back to file '/usr/synopsys/vcs/W-2024.09/etc/uvm/comps/uvm_comps.svh'.
Parsing included file '/usr/synopsys/vcs/W-2024.09/etc/uvm/comps/uvm_subscriber.svh'.
Back to file '/usr/synopsys/vcs/W-2024.09/etc/uvm/comps/uvm_comps.svh'.
Parsing included file '/usr/synopsys/vcs/W-2024.09/etc/uvm/comps/uvm_monitor.svh'.
Back to file '/usr/synopsys/vcs/W-2024.09/etc/uvm/comps/uvm_comps.svh'.
Parsing included file '/usr/synopsys/vcs/W-2024.09/etc/uvm/comps/uvm_driver.svh'.
Back to file '/usr/synopsys/vcs/W-2024.09/etc/uvm/comps/uvm_comps.svh'.
Parsing included file '/usr/synopsys/vcs/W-2024.09/etc/uvm/comps/uvm_push_driver.svh'.
Back to file '/usr/synopsys/vcs/W-2024.09/etc/uvm/comps/uvm_comps.svh'.
Parsing included file '/usr/synopsys/vcs/W-2024.09/etc/uvm/comps/uvm_scoreboard.svh'.
Back to file '/usr/synopsys/vcs/W-2024.09/etc/uvm/comps/uvm_comps.svh'.
Parsing included file '/usr/synopsys/vcs/W-2024.09/etc/uvm/comps/uvm_agent.svh'.
Back to file '/usr/synopsys/vcs/W-2024.09/etc/uvm/comps/uvm_comps.svh'.
Parsing included file '/usr/synopsys/vcs/W-2024.09/etc/uvm/comps/uvm_env.svh'.
Back to file '/usr/synopsys/vcs/W-2024.09/etc/uvm/comps/uvm_comps.svh'.
Parsing included file '/usr/synopsys/vcs/W-2024.09/etc/uvm/comps/uvm_test.svh'.
Back to file '/usr/synopsys/vcs/W-2024.09/etc/uvm/comps/uvm_comps.svh'.
Back to file '/usr/synopsys/vcs/W-2024.09/etc/uvm/uvm_pkg.sv'.
Parsing included file '/usr/synopsys/vcs/W-2024.09/etc/uvm/seq/uvm_seq.svh'.
Parsing included file '/usr/synopsys/vcs/W-2024.09/etc/uvm/seq/uvm_sequence_item.svh'.
Back to file '/usr/synopsys/vcs/W-2024.09/etc/uvm/seq/uvm_seq.svh'.
Parsing included file '/usr/synopsys/vcs/W-2024.09/etc/uvm/seq/uvm_sequencer_base.svh'.
Back to file '/usr/synopsys/vcs/W-2024.09/etc/uvm/seq/uvm_seq.svh'.
Parsing included file '/usr/synopsys/vcs/W-2024.09/etc/uvm/seq/uvm_sequencer_analysis_fifo.svh'.
Back to file '/usr/synopsys/vcs/W-2024.09/etc/uvm/seq/uvm_seq.svh'.
Parsing included file '/usr/synopsys/vcs/W-2024.09/etc/uvm/seq/uvm_sequencer_param_base.svh'.
Back to file '/usr/synopsys/vcs/W-2024.09/etc/uvm/seq/uvm_seq.svh'.
Parsing included file '/usr/synopsys/vcs/W-2024.09/etc/uvm/seq/uvm_sequencer.svh'.
Back to file '/usr/synopsys/vcs/W-2024.09/etc/uvm/seq/uvm_seq.svh'.
Parsing included file '/usr/synopsys/vcs/W-2024.09/etc/uvm/seq/uvm_push_sequencer.svh'.
Back to file '/usr/synopsys/vcs/W-2024.09/etc/uvm/seq/uvm_seq.svh'.
Parsing included file '/usr/synopsys/vcs/W-2024.09/etc/uvm/seq/uvm_sequence_base.svh'.
Back to file '/usr/synopsys/vcs/W-2024.09/etc/uvm/seq/uvm_seq.svh'.
Parsing included file '/usr/synopsys/vcs/W-2024.09/etc/uvm/seq/uvm_sequence.svh'.
Back to file '/usr/synopsys/vcs/W-2024.09/etc/uvm/seq/uvm_seq.svh'.
Parsing included file '/usr/synopsys/vcs/W-2024.09/etc/uvm/seq/uvm_sequence_library.svh'.
Back to file '/usr/synopsys/vcs/W-2024.09/etc/uvm/seq/uvm_seq.svh'.
Parsing included file '/usr/synopsys/vcs/W-2024.09/etc/uvm/seq/uvm_sequence_builtin.svh'.
Back to file '/usr/synopsys/vcs/W-2024.09/etc/uvm/seq/uvm_seq.svh'.
Back to file '/usr/synopsys/vcs/W-2024.09/etc/uvm/uvm_pkg.sv'.
Parsing included file '/usr/synopsys/vcs/W-2024.09/etc/uvm/tlm2/uvm_tlm2.svh'.
Parsing included file '/usr/synopsys/vcs/W-2024.09/etc/uvm/tlm2/uvm_tlm2_defines.svh'.
Back to file '/usr/synopsys/vcs/W-2024.09/etc/uvm/tlm2/uvm_tlm2.svh'.
Parsing included file '/usr/synopsys/vcs/W-2024.09/etc/uvm/tlm2/uvm_tlm2_time.svh'.
Back to file '/usr/synopsys/vcs/W-2024.09/etc/uvm/tlm2/uvm_tlm2.svh'.
Parsing included file '/usr/synopsys/vcs/W-2024.09/etc/uvm/tlm2/uvm_tlm2_generic_payload.svh'.
Back to file '/usr/synopsys/vcs/W-2024.09/etc/uvm/tlm2/uvm_tlm2.svh'.
Parsing included file '/usr/synopsys/vcs/W-2024.09/etc/uvm/tlm2/uvm_tlm2_ifs.svh'.
Back to file '/usr/synopsys/vcs/W-2024.09/etc/uvm/tlm2/uvm_tlm2.svh'.
Parsing included file '/usr/synopsys/vcs/W-2024.09/etc/uvm/tlm2/uvm_tlm2_imps.svh'.
Back to file '/usr/synopsys/vcs/W-2024.09/etc/uvm/tlm2/uvm_tlm2.svh'.
Parsing included file '/usr/synopsys/vcs/W-2024.09/etc/uvm/tlm2/uvm_tlm2_ports.svh'.
Back to file '/usr/synopsys/vcs/W-2024.09/etc/uvm/tlm2/uvm_tlm2.svh'.
Parsing included file '/usr/synopsys/vcs/W-2024.09/etc/uvm/tlm2/uvm_tlm2_exports.svh'.
Back to file '/usr/synopsys/vcs/W-2024.09/etc/uvm/tlm2/uvm_tlm2.svh'.
Parsing included file '/usr/synopsys/vcs/W-2024.09/etc/uvm/tlm2/uvm_tlm2_sockets_base.svh'.
Back to file '/usr/synopsys/vcs/W-2024.09/etc/uvm/tlm2/uvm_tlm2.svh'.
Parsing included file '/usr/synopsys/vcs/W-2024.09/etc/uvm/tlm2/uvm_tlm2_sockets.svh'.
Back to file '/usr/synopsys/vcs/W-2024.09/etc/uvm/tlm2/uvm_tlm2.svh'.
Back to file '/usr/synopsys/vcs/W-2024.09/etc/uvm/uvm_pkg.sv'.
Parsing included file '/usr/synopsys/vcs/W-2024.09/etc/uvm/reg/uvm_reg_model.svh'.
Parsing included file '/usr/synopsys/vcs/W-2024.09/etc/uvm/reg/uvm_reg_item.svh'.
Back to file '/usr/synopsys/vcs/W-2024.09/etc/uvm/reg/uvm_reg_model.svh'.
Parsing included file '/usr/synopsys/vcs/W-2024.09/etc/uvm/reg/uvm_reg_adapter.svh'.
Back to file '/usr/synopsys/vcs/W-2024.09/etc/uvm/reg/uvm_reg_model.svh'.
Parsing included file '/usr/synopsys/vcs/W-2024.09/etc/uvm/reg/uvm_reg_predictor.svh'.
Back to file '/usr/synopsys/vcs/W-2024.09/etc/uvm/reg/uvm_reg_model.svh'.
Parsing included file '/usr/synopsys/vcs/W-2024.09/etc/uvm/reg/uvm_reg_sequence.svh'.
Back to file '/usr/synopsys/vcs/W-2024.09/etc/uvm/reg/uvm_reg_model.svh'.
Parsing included file '/usr/synopsys/vcs/W-2024.09/etc/uvm/reg/uvm_reg_cbs.svh'.
Back to file '/usr/synopsys/vcs/W-2024.09/etc/uvm/reg/uvm_reg_model.svh'.
Parsing included file '/usr/synopsys/vcs/W-2024.09/etc/uvm/reg/uvm_reg_backdoor.svh'.
Back to file '/usr/synopsys/vcs/W-2024.09/etc/uvm/reg/uvm_reg_model.svh'.
Parsing included file '/usr/synopsys/vcs/W-2024.09/etc/uvm/reg/uvm_reg_field.svh'.
Back to file '/usr/synopsys/vcs/W-2024.09/etc/uvm/reg/uvm_reg_model.svh'.
Parsing included file '/usr/synopsys/vcs/W-2024.09/etc/uvm/reg/uvm_vreg_field.svh'.
Back to file '/usr/synopsys/vcs/W-2024.09/etc/uvm/reg/uvm_reg_model.svh'.
Parsing included file '/usr/synopsys/vcs/W-2024.09/etc/uvm/reg/uvm_reg.svh'.
Back to file '/usr/synopsys/vcs/W-2024.09/etc/uvm/reg/uvm_reg_model.svh'.
Parsing included file '/usr/synopsys/vcs/W-2024.09/etc/uvm/reg/uvm_reg_indirect.svh'.
Back to file '/usr/synopsys/vcs/W-2024.09/etc/uvm/reg/uvm_reg_model.svh'.
Parsing included file '/usr/synopsys/vcs/W-2024.09/etc/uvm/reg/uvm_reg_fifo.svh'.
Back to file '/usr/synopsys/vcs/W-2024.09/etc/uvm/reg/uvm_reg_model.svh'.
Parsing included file '/usr/synopsys/vcs/W-2024.09/etc/uvm/reg/uvm_reg_file.svh'.
Back to file '/usr/synopsys/vcs/W-2024.09/etc/uvm/reg/uvm_reg_model.svh'.
Parsing included file '/usr/synopsys/vcs/W-2024.09/etc/uvm/reg/uvm_mem_mam.svh'.
Back to file '/usr/synopsys/vcs/W-2024.09/etc/uvm/reg/uvm_reg_model.svh'.
Parsing included file '/usr/synopsys/vcs/W-2024.09/etc/uvm/reg/uvm_vreg.svh'.
Back to file '/usr/synopsys/vcs/W-2024.09/etc/uvm/reg/uvm_reg_model.svh'.
Parsing included file '/usr/synopsys/vcs/W-2024.09/etc/uvm/reg/uvm_mem.svh'.
Back to file '/usr/synopsys/vcs/W-2024.09/etc/uvm/reg/uvm_reg_model.svh'.
Parsing included file '/usr/synopsys/vcs/W-2024.09/etc/uvm/reg/uvm_reg_map.svh'.
Back to file '/usr/synopsys/vcs/W-2024.09/etc/uvm/reg/uvm_reg_model.svh'.
Parsing included file '/usr/synopsys/vcs/W-2024.09/etc/uvm/reg/uvm_reg_block.svh'.
Back to file '/usr/synopsys/vcs/W-2024.09/etc/uvm/reg/uvm_reg_model.svh'.
Parsing included file '/usr/synopsys/vcs/W-2024.09/etc/uvm/reg/sequences/uvm_reg_hw_reset_seq.svh'.
Back to file '/usr/synopsys/vcs/W-2024.09/etc/uvm/reg/uvm_reg_model.svh'.
Parsing included file '/usr/synopsys/vcs/W-2024.09/etc/uvm/reg/sequences/uvm_reg_bit_bash_seq.svh'.
Back to file '/usr/synopsys/vcs/W-2024.09/etc/uvm/reg/uvm_reg_model.svh'.
Parsing included file '/usr/synopsys/vcs/W-2024.09/etc/uvm/reg/sequences/uvm_mem_walk_seq.svh'.
Back to file '/usr/synopsys/vcs/W-2024.09/etc/uvm/reg/uvm_reg_model.svh'.
Parsing included file '/usr/synopsys/vcs/W-2024.09/etc/uvm/reg/sequences/uvm_mem_access_seq.svh'.
Back to file '/usr/synopsys/vcs/W-2024.09/etc/uvm/reg/uvm_reg_model.svh'.
Parsing included file '/usr/synopsys/vcs/W-2024.09/etc/uvm/reg/sequences/uvm_reg_access_seq.svh'.
Back to file '/usr/synopsys/vcs/W-2024.09/etc/uvm/reg/uvm_reg_model.svh'.
Parsing included file '/usr/synopsys/vcs/W-2024.09/etc/uvm/reg/sequences/uvm_reg_mem_shared_access_seq.svh'.
Back to file '/usr/synopsys/vcs/W-2024.09/etc/uvm/reg/uvm_reg_model.svh'.
Parsing included file '/usr/synopsys/vcs/W-2024.09/etc/uvm/reg/sequences/uvm_reg_mem_built_in_seq.svh'.
Back to file '/usr/synopsys/vcs/W-2024.09/etc/uvm/reg/uvm_reg_model.svh'.
Parsing included file '/usr/synopsys/vcs/W-2024.09/etc/uvm/reg/sequences/uvm_reg_mem_hdl_paths_seq.svh'.
Back to file '/usr/synopsys/vcs/W-2024.09/etc/uvm/reg/uvm_reg_model.svh'.
Parsing included file '/usr/synopsys/vcs/W-2024.09/etc/uvm/reg/snps_uvm_reg_bank.svh'.
Back to file '/usr/synopsys/vcs/W-2024.09/etc/uvm/reg/uvm_reg_model.svh'.
Back to file '/usr/synopsys/vcs/W-2024.09/etc/uvm/uvm_pkg.sv'.
Parsing included file '/usr/synopsys/vcs/W-2024.09/etc/uvm/vcs/vcs_uvm_alt.sv'.
Back to file '/usr/synopsys/vcs/W-2024.09/etc/uvm/uvm_pkg.sv'.
Parsing design file '../rtl/full_rtl.sv'
Parsing design file '../agents/rr_request_agent/rr_request_if.sv'
Parsing design file '../agents/rr_grant_monitor_agent/rr_grant_if.sv'
Parsing design file '../agents/prio_update_agent/prio_update_if.sv'
Parsing design file '../agents/clk_rst_agent/clk_rst_if.sv'
Parsing design file '../agents/rr_request_agent/rr_request_agent_pkg.sv'
Parsing included file '../agents/rr_request_agent/rr_request_trans_item.sv'.
Back to file '../agents/rr_request_agent/rr_request_agent_pkg.sv'.
Parsing included file '../agents/rr_request_agent/rr_request_monitor.sv'.
Back to file '../agents/rr_request_agent/rr_request_agent_pkg.sv'.
Parsing included file '../agents/rr_request_agent/rr_request_driver.sv'.
Back to file '../agents/rr_request_agent/rr_request_agent_pkg.sv'.
Parsing included file '../agents/rr_request_agent/rr_request_seqr.sv'.
Back to file '../agents/rr_request_agent/rr_request_agent_pkg.sv'.
Parsing included file '../agents/rr_request_agent/rr_request_agent_cov.sv'.
Back to file '../agents/rr_request_agent/rr_request_agent_pkg.sv'.
Parsing included file '../agents/rr_request_agent/rr_request_agent_cfg.sv'.
Back to file '../agents/rr_request_agent/rr_request_agent_pkg.sv'.
Parsing included file '../agents/rr_request_agent/rr_request_agent.sv'.
Back to file '../agents/rr_request_agent/rr_request_agent_pkg.sv'.
Parsing design file '../agents/rr_grant_monitor_agent/rr_grant_monitor_agent_pkg.sv'
Parsing included file '../agents/rr_grant_monitor_agent/rr_grant_monitor_trans_item.sv'.
Back to file '../agents/rr_grant_monitor_agent/rr_grant_monitor_agent_pkg.sv'.
Parsing included file '../agents/rr_grant_monitor_agent/rr_grant_monitor_monitor.sv'.
Back to file '../agents/rr_grant_monitor_agent/rr_grant_monitor_agent_pkg.sv'.
Parsing included file '../agents/rr_grant_monitor_agent/rr_grant_monitor_driver.sv'.
Back to file '../agents/rr_grant_monitor_agent/rr_grant_monitor_agent_pkg.sv'.
Parsing included file '../agents/rr_grant_monitor_agent/rr_grant_monitor_seqr.sv'.
Back to file '../agents/rr_grant_monitor_agent/rr_grant_monitor_agent_pkg.sv'.
Parsing included file '../agents/rr_grant_monitor_agent/rr_grant_monitor_agent_cov.sv'.
Back to file '../agents/rr_grant_monitor_agent/rr_grant_monitor_agent_pkg.sv'.
Parsing included file '../agents/rr_grant_monitor_agent/rr_grant_monitor_agent_cfg.sv'.
Back to file '../agents/rr_grant_monitor_agent/rr_grant_monitor_agent_pkg.sv'.
Parsing included file '../agents/rr_grant_monitor_agent/rr_grant_monitor_agent.sv'.
Back to file '../agents/rr_grant_monitor_agent/rr_grant_monitor_agent_pkg.sv'.
Parsing design file '../agents/prio_update_agent/prio_update_agent_pkg.sv'
Parsing included file '../agents/prio_update_agent/prio_update_trans_item.sv'.
Back to file '../agents/prio_update_agent/prio_update_agent_pkg.sv'.
Parsing included file '../agents/prio_update_agent/prio_update_monitor.sv'.
Back to file '../agents/prio_update_agent/prio_update_agent_pkg.sv'.
Parsing included file '../agents/prio_update_agent/prio_update_driver.sv'.
Back to file '../agents/prio_update_agent/prio_update_agent_pkg.sv'.
Parsing included file '../agents/prio_update_agent/prio_update_seqr.sv'.
Back to file '../agents/prio_update_agent/prio_update_agent_pkg.sv'.
Parsing included file '../agents/prio_update_agent/prio_update_agent_cov.sv'.
Back to file '../agents/prio_update_agent/prio_update_agent_pkg.sv'.
Parsing included file '../agents/prio_update_agent/prio_update_agent_cfg.sv'.
Back to file '../agents/prio_update_agent/prio_update_agent_pkg.sv'.
Parsing included file '../agents/prio_update_agent/prio_update_agent.sv'.
Back to file '../agents/prio_update_agent/prio_update_agent_pkg.sv'.
Parsing design file '../agents/clk_rst_agent/clk_rst_agent_pkg.sv'
Parsing included file '../agents/clk_rst_agent/clk_rst_trans_item.sv'.
Back to file '../agents/clk_rst_agent/clk_rst_agent_pkg.sv'.
Parsing included file '../agents/clk_rst_agent/clk_rst_monitor.sv'.
Back to file '../agents/clk_rst_agent/clk_rst_agent_pkg.sv'.
Parsing included file '../agents/clk_rst_agent/clk_rst_driver.sv'.
Back to file '../agents/clk_rst_agent/clk_rst_agent_pkg.sv'.
Parsing included file '../agents/clk_rst_agent/clk_rst_seqr.sv'.
Back to file '../agents/clk_rst_agent/clk_rst_agent_pkg.sv'.
Parsing included file '../agents/clk_rst_agent/clk_rst_agent_cov.sv'.
Back to file '../agents/clk_rst_agent/clk_rst_agent_pkg.sv'.
Parsing included file '../agents/clk_rst_agent/clk_rst_agent_cfg.sv'.
Back to file '../agents/clk_rst_agent/clk_rst_agent_pkg.sv'.
Parsing included file '../agents/clk_rst_agent/clk_rst_agent.sv'.
Back to file '../agents/clk_rst_agent/clk_rst_agent_pkg.sv'.
Parsing design file '../env/weighted_round_robin_env_pkg.sv'
Parsing included file '../scoreboard/weighted_round_robin_scoreboard.sv'.
Back to file '../env/weighted_round_robin_env_pkg.sv'.
Parsing included file '../env/weighted_round_robin_env.sv'.
Back to file '../env/weighted_round_robin_env_pkg.sv'.
Parsing included file '../env/weighted_round_robin_env_cfg.sv'.
Back to file '../env/weighted_round_robin_env_pkg.sv'.
Parsing design file '../agents/rr_request_agent/seq_lib/rr_request_seq_pkg.sv'
Parsing included file '../agents/rr_request_agent/seq_lib/rr_request_base_seq.sv'.
Back to file '../agents/rr_request_agent/seq_lib/rr_request_seq_pkg.sv'.
Parsing included file '../agents/rr_request_agent/seq_lib/rr_request_basic_synchronous_reset_initialization_test_sequence.sv'.
Back to file '../agents/rr_request_agent/seq_lib/rr_request_seq_pkg.sv'.
Parsing included file '../agents/rr_request_agent/seq_lib/rr_request_basic_arbitration_grant_and_latency_test_sequence.sv'.
Back to file '../agents/rr_request_agent/seq_lib/rr_request_seq_pkg.sv'.
Parsing included file '../agents/rr_request_agent/seq_lib/rr_request_synchronous_reset_stress_with_back_to_back_requests_sequence.sv'.
Back to file '../agents/rr_request_agent/seq_lib/rr_request_seq_pkg.sv'.
Parsing included file '../agents/rr_request_agent/seq_lib/rr_request_arbiter_maximal_concurrent_requests_and_dynamic_priority_update_stress_test_sequence.sv'.
Back to file '../agents/rr_request_agent/seq_lib/rr_request_seq_pkg.sv'.
Parsing included file '../agents/rr_request_agent/seq_lib/rr_request_illegal_req_encoding_combined_test_sequence.sv'.
Back to file '../agents/rr_request_agent/seq_lib/rr_request_seq_pkg.sv'.
Parsing included file '../agents/rr_request_agent/seq_lib/rr_request_simultaneous_priority_update_and_ack_sequence.sv'.
Back to file '../agents/rr_request_agent/seq_lib/rr_request_seq_pkg.sv'.
Parsing included file '../agents/rr_request_agent/seq_lib/rr_request_priority_update_attempted_during_reset_sequence.sv'.
Back to file '../agents/rr_request_agent/seq_lib/rr_request_seq_pkg.sv'.
Parsing included file '../agents/rr_request_agent/seq_lib/rr_request_priority_update_with_illegal_id_and_priority_encoding_sequence.sv'.
Back to file '../agents/rr_request_agent/seq_lib/rr_request_seq_pkg.sv'.
Parsing included file '../agents/rr_request_agent/seq_lib/rr_request_reset_deasserted_mid_cycle_sequence.sv'.
Back to file '../agents/rr_request_agent/seq_lib/rr_request_seq_pkg.sv'.
Parsing included file '../agents/rr_request_agent/seq_lib/rr_request_priority_update_during_credit_refill_corner_case_sequence.sv'.
Back to file '../agents/rr_request_agent/seq_lib/rr_request_seq_pkg.sv'.
Parsing included file '../agents/rr_request_agent/seq_lib/rr_request_grant_output_stability_under_reset_and_immediate_request_test_sequence.sv'.
Back to file '../agents/rr_request_agent/seq_lib/rr_request_seq_pkg.sv'.
Parsing included file '../agents/rr_request_agent/seq_lib/rr_request_grant_output_boundary_requestor_id_and_one_hot_test_sequence.sv'.
Back to file '../agents/rr_request_agent/seq_lib/rr_request_seq_pkg.sv'.
Parsing included file '../agents/rr_request_agent/seq_lib/rr_request_arbiter_no_requestors_and_post_empty_grant_behavior_test_sequence.sv'.
Back to file '../agents/rr_request_agent/seq_lib/rr_request_seq_pkg.sv'.
Parsing included file '../agents/rr_request_agent/seq_lib/rr_request_synchronous_reset_min_max_req_corner_case_sequence.sv'.
Back to file '../agents/rr_request_agent/seq_lib/rr_request_seq_pkg.sv'.
Parsing included file '../agents/rr_request_agent/seq_lib/rr_request_synchronous_reset_with_priority_update_edge_case_sequence.sv'.
Back to file '../agents/rr_request_agent/seq_lib/rr_request_seq_pkg.sv'.
Parsing included file '../agents/rr_request_agent/seq_lib/rr_request_minimum_and_maximum_priority_update_during_grant_acknowledgment_sequence.sv'.
Back to file '../agents/rr_request_agent/seq_lib/rr_request_seq_pkg.sv'.
Parsing included file '../agents/rr_request_agent/seq_lib/rr_request_minimum_and_maximum_priority_update_corner_case_combined_sequence.sv'.
Back to file '../agents/rr_request_agent/seq_lib/rr_request_seq_pkg.sv'.
Parsing design file '../agents/rr_grant_monitor_agent/seq_lib/rr_grant_monitor_seq_pkg.sv'
Parsing included file '../agents/rr_grant_monitor_agent/seq_lib/rr_grant_monitor_base_seq.sv'.
Back to file '../agents/rr_grant_monitor_agent/seq_lib/rr_grant_monitor_seq_pkg.sv'.
Parsing included file '../agents/rr_grant_monitor_agent/seq_lib/rr_grant_monitor_basic_synchronous_reset_initialization_test_sequence.sv'.
Back to file '../agents/rr_grant_monitor_agent/seq_lib/rr_grant_monitor_seq_pkg.sv'.
Parsing included file '../agents/rr_grant_monitor_agent/seq_lib/rr_grant_monitor_basic_arbitration_grant_and_latency_test_sequence.sv'.
Back to file '../agents/rr_grant_monitor_agent/seq_lib/rr_grant_monitor_seq_pkg.sv'.
Parsing included file '../agents/rr_grant_monitor_agent/seq_lib/rr_grant_monitor_synchronous_reset_stress_with_back_to_back_requests_sequence.sv'.
Back to file '../agents/rr_grant_monitor_agent/seq_lib/rr_grant_monitor_seq_pkg.sv'.
Parsing included file '../agents/rr_grant_monitor_agent/seq_lib/rr_grant_monitor_arbiter_maximal_concurrent_requests_and_dynamic_priority_update_stress_test_sequence.sv'.
Back to file '../agents/rr_grant_monitor_agent/seq_lib/rr_grant_monitor_seq_pkg.sv'.
Parsing included file '../agents/rr_grant_monitor_agent/seq_lib/rr_grant_monitor_illegal_req_encoding_combined_test_sequence.sv'.
Back to file '../agents/rr_grant_monitor_agent/seq_lib/rr_grant_monitor_seq_pkg.sv'.
Parsing included file '../agents/rr_grant_monitor_agent/seq_lib/rr_grant_monitor_simultaneous_priority_update_and_ack_sequence.sv'.
Back to file '../agents/rr_grant_monitor_agent/seq_lib/rr_grant_monitor_seq_pkg.sv'.
Parsing included file '../agents/rr_grant_monitor_agent/seq_lib/rr_grant_monitor_priority_update_attempted_during_reset_sequence.sv'.
Back to file '../agents/rr_grant_monitor_agent/seq_lib/rr_grant_monitor_seq_pkg.sv'.
Parsing included file '../agents/rr_grant_monitor_agent/seq_lib/rr_grant_monitor_priority_update_with_illegal_id_and_priority_encoding_sequence.sv'.
Back to file '../agents/rr_grant_monitor_agent/seq_lib/rr_grant_monitor_seq_pkg.sv'.
Parsing included file '../agents/rr_grant_monitor_agent/seq_lib/rr_grant_monitor_reset_deasserted_mid_cycle_sequence.sv'.
Back to file '../agents/rr_grant_monitor_agent/seq_lib/rr_grant_monitor_seq_pkg.sv'.
Parsing included file '../agents/rr_grant_monitor_agent/seq_lib/rr_grant_monitor_grant_output_boundary_requestor_id_and_one_hot_test_sequence.sv'.
Back to file '../agents/rr_grant_monitor_agent/seq_lib/rr_grant_monitor_seq_pkg.sv'.
Parsing included file '../agents/rr_grant_monitor_agent/seq_lib/rr_grant_monitor_arbiter_no_requestors_and_post_empty_grant_behavior_test_sequence.sv'.
Back to file '../agents/rr_grant_monitor_agent/seq_lib/rr_grant_monitor_seq_pkg.sv'.
Parsing included file '../agents/rr_grant_monitor_agent/seq_lib/rr_grant_monitor_grant_output_stability_under_reset_and_immediate_request_test_sequence.sv'.
Back to file '../agents/rr_grant_monitor_agent/seq_lib/rr_grant_monitor_seq_pkg.sv'.
Parsing included file '../agents/rr_grant_monitor_agent/seq_lib/rr_grant_monitor_synchronous_reset_min_max_req_corner_case_sequence.sv'.
Back to file '../agents/rr_grant_monitor_agent/seq_lib/rr_grant_monitor_seq_pkg.sv'.
Parsing included file '../agents/rr_grant_monitor_agent/seq_lib/rr_grant_monitor_synchronous_reset_with_priority_update_edge_case_sequence.sv'.
Back to file '../agents/rr_grant_monitor_agent/seq_lib/rr_grant_monitor_seq_pkg.sv'.
Parsing included file '../agents/rr_grant_monitor_agent/seq_lib/rr_grant_monitor_minimum_and_maximum_priority_update_during_grant_acknowledgment_sequence.sv'.
Back to file '../agents/rr_grant_monitor_agent/seq_lib/rr_grant_monitor_seq_pkg.sv'.
Parsing included file '../agents/rr_grant_monitor_agent/seq_lib/rr_grant_monitor_minimum_and_maximum_priority_update_corner_case_combined_sequence.sv'.
Back to file '../agents/rr_grant_monitor_agent/seq_lib/rr_grant_monitor_seq_pkg.sv'.
Parsing included file '../agents/rr_grant_monitor_agent/seq_lib/rr_grant_monitor_priority_update_during_credit_refill_corner_case_sequence.sv'.
Back to file '../agents/rr_grant_monitor_agent/seq_lib/rr_grant_monitor_seq_pkg.sv'.
Parsing design file '../agents/prio_update_agent/seq_lib/prio_update_seq_pkg.sv'
Parsing included file '../agents/prio_update_agent/seq_lib/prio_update_base_seq.sv'.
Back to file '../agents/prio_update_agent/seq_lib/prio_update_seq_pkg.sv'.
Parsing included file '../agents/prio_update_agent/seq_lib/prio_update_basic_synchronous_reset_initialization_test_sequence.sv'.
Back to file '../agents/prio_update_agent/seq_lib/prio_update_seq_pkg.sv'.
Parsing included file '../agents/prio_update_agent/seq_lib/prio_update_basic_arbitration_grant_and_latency_test_sequence.sv'.
Back to file '../agents/prio_update_agent/seq_lib/prio_update_seq_pkg.sv'.
Parsing included file '../agents/prio_update_agent/seq_lib/prio_update_synchronous_reset_stress_with_back_to_back_requests_sequence.sv'.
Back to file '../agents/prio_update_agent/seq_lib/prio_update_seq_pkg.sv'.
Parsing included file '../agents/prio_update_agent/seq_lib/prio_update_arbiter_maximal_concurrent_requests_and_dynamic_priority_update_stress_test_sequence.sv'.
Back to file '../agents/prio_update_agent/seq_lib/prio_update_seq_pkg.sv'.
Parsing included file '../agents/prio_update_agent/seq_lib/prio_update_illegal_req_encoding_combined_test_sequence.sv'.
Back to file '../agents/prio_update_agent/seq_lib/prio_update_seq_pkg.sv'.
Parsing included file '../agents/prio_update_agent/seq_lib/prio_update_simultaneous_priority_update_and_ack_sequence.sv'.
Back to file '../agents/prio_update_agent/seq_lib/prio_update_seq_pkg.sv'.
Parsing included file '../agents/prio_update_agent/seq_lib/prio_update_priority_update_attempted_during_reset_sequence.sv'.
Back to file '../agents/prio_update_agent/seq_lib/prio_update_seq_pkg.sv'.
Parsing included file '../agents/prio_update_agent/seq_lib/prio_update_priority_update_with_illegal_id_and_priority_encoding_sequence.sv'.
Back to file '../agents/prio_update_agent/seq_lib/prio_update_seq_pkg.sv'.
Parsing included file '../agents/prio_update_agent/seq_lib/prio_update_reset_deasserted_mid_cycle_sequence.sv'.
Back to file '../agents/prio_update_agent/seq_lib/prio_update_seq_pkg.sv'.
Parsing included file '../agents/prio_update_agent/seq_lib/prio_update_grant_output_boundary_requestor_id_and_one_hot_test_sequence.sv'.
Back to file '../agents/prio_update_agent/seq_lib/prio_update_seq_pkg.sv'.
Parsing included file '../agents/prio_update_agent/seq_lib/prio_update_arbiter_no_requestors_and_post_empty_grant_behavior_test_sequence.sv'.
Back to file '../agents/prio_update_agent/seq_lib/prio_update_seq_pkg.sv'.
Parsing included file '../agents/prio_update_agent/seq_lib/prio_update_grant_output_stability_under_reset_and_immediate_request_test_sequence.sv'.
Back to file '../agents/prio_update_agent/seq_lib/prio_update_seq_pkg.sv'.
Parsing included file '../agents/prio_update_agent/seq_lib/prio_update_synchronous_reset_min_max_req_corner_case_sequence.sv'.
Back to file '../agents/prio_update_agent/seq_lib/prio_update_seq_pkg.sv'.
Parsing included file '../agents/prio_update_agent/seq_lib/prio_update_synchronous_reset_with_priority_update_edge_case_sequence.sv'.
Back to file '../agents/prio_update_agent/seq_lib/prio_update_seq_pkg.sv'.
Parsing included file '../agents/prio_update_agent/seq_lib/prio_update_minimum_and_maximum_priority_update_during_grant_acknowledgment_sequence.sv'.
Back to file '../agents/prio_update_agent/seq_lib/prio_update_seq_pkg.sv'.
Parsing included file '../agents/prio_update_agent/seq_lib/prio_update_minimum_and_maximum_priority_update_corner_case_combined_sequence.sv'.
Back to file '../agents/prio_update_agent/seq_lib/prio_update_seq_pkg.sv'.
Parsing included file '../agents/prio_update_agent/seq_lib/prio_update_priority_update_during_credit_refill_corner_case_sequence.sv'.
Back to file '../agents/prio_update_agent/seq_lib/prio_update_seq_pkg.sv'.
Parsing design file '../agents/clk_rst_agent/seq_lib/clk_rst_seq_pkg.sv'
Parsing included file '../agents/clk_rst_agent/seq_lib/clk_rst_base_seq.sv'.
Back to file '../agents/clk_rst_agent/seq_lib/clk_rst_seq_pkg.sv'.
Parsing included file '../agents/clk_rst_agent/seq_lib/clk_rst_mid_sim_rst_seq.sv'.
Back to file '../agents/clk_rst_agent/seq_lib/clk_rst_seq_pkg.sv'.
Parsing design file '../tests/weighted_round_robin_test_pkg.sv'
Parsing included file '../tests/weighted_round_robin_base_test.sv'.
Back to file '../tests/weighted_round_robin_test_pkg.sv'.
Parsing included file '../tests/weighted_round_robin_mid_sim_rst_test.sv'.
Back to file '../tests/weighted_round_robin_test_pkg.sv'.
Parsing included file '../tests/weighted_round_robin_basic_synchronous_reset_initialization_test.sv'.
Back to file '../tests/weighted_round_robin_test_pkg.sv'.
Parsing included file '../tests/weighted_round_robin_basic_arbitration_grant_and_latency_test.sv'.
Back to file '../tests/weighted_round_robin_test_pkg.sv'.
Parsing included file '../tests/weighted_round_robin_synchronous_reset_stress_with_back_to_back_requests.sv'.
Back to file '../tests/weighted_round_robin_test_pkg.sv'.
Parsing included file '../tests/weighted_round_robin_arbiter_maximal_concurrent_requests_and_dynamic_priority_update_stress_test.sv'.
Back to file '../tests/weighted_round_robin_test_pkg.sv'.
Parsing included file '../tests/weighted_round_robin_illegal_req_encoding_combined_test.sv'.
Back to file '../tests/weighted_round_robin_test_pkg.sv'.
Parsing included file '../tests/weighted_round_robin_simultaneous_priority_update_and_ack.sv'.
Back to file '../tests/weighted_round_robin_test_pkg.sv'.
Parsing included file '../tests/weighted_round_robin_priority_update_attempted_during_reset.sv'.
Back to file '../tests/weighted_round_robin_test_pkg.sv'.
Parsing included file '../tests/weighted_round_robin_priority_update_with_illegal_id_and_priority_encoding.sv'.
Back to file '../tests/weighted_round_robin_test_pkg.sv'.
Parsing included file '../tests/weighted_round_robin_reset_deasserted_mid_cycle.sv'.
Back to file '../tests/weighted_round_robin_test_pkg.sv'.
Parsing included file '../tests/weighted_round_robin_grant_output_boundary_requestor_id_and_one_hot_test.sv'.
Back to file '../tests/weighted_round_robin_test_pkg.sv'.
Parsing included file '../tests/weighted_round_robin_arbiter_no_requestors_and_post_empty_grant_behavior_test.sv'.
Back to file '../tests/weighted_round_robin_test_pkg.sv'.
Parsing included file '../tests/weighted_round_robin_grant_output_stability_under_reset_and_immediate_request_test.sv'.
Back to file '../tests/weighted_round_robin_test_pkg.sv'.
Parsing included file '../tests/weighted_round_robin_synchronous_reset_min_max_req_corner_case.sv'.
Back to file '../tests/weighted_round_robin_test_pkg.sv'.
Parsing included file '../tests/weighted_round_robin_synchronous_reset_with_priority_update_edge_case.sv'.
Back to file '../tests/weighted_round_robin_test_pkg.sv'.
Parsing included file '../tests/weighted_round_robin_minimum_and_maximum_priority_update_corner_case_combined.sv'.
Back to file '../tests/weighted_round_robin_test_pkg.sv'.
Parsing included file '../tests/weighted_round_robin_minimum_and_maximum_priority_update_during_grant_acknowledgment.sv'.
Back to file '../tests/weighted_round_robin_test_pkg.sv'.
Parsing included file '../tests/weighted_round_robin_priority_update_during_credit_refill_corner_case.sv'.
Back to file '../tests/weighted_round_robin_test_pkg.sv'.
Parsing design file '../top/weighted_round_robin_tb_top.sv'
Top Level Modules:
       weighted_round_robin_tb_top
TimeScale is 1 ns / 1 ns
VCS Coverage Metrics Release W-2024.09_Full64 Copyright (c) 1991-2024 by Synopsys Inc.
Starting vcs inline pass...
18 modules and 0 UDP read.
recompiling package vcs_paramclassrepository
recompiling package uvm_pkg
recompiling module weighted_round_robin
recompiling module rr_request_if
recompiling module rr_grant_if
recompiling module prio_update_if
recompiling module clk_rst_if
recompiling package rr_request_agent_pkg
recompiling package rr_grant_monitor_agent_pkg
recompiling package prio_update_agent_pkg
recompiling package clk_rst_agent_pkg
recompiling package weighted_round_robin_env_pkg
recompiling package rr_request_seq_pkg
recompiling package rr_grant_monitor_seq_pkg
recompiling package prio_update_seq_pkg
recompiling package clk_rst_seq_pkg
recompiling package weighted_round_robin_test_pkg
recompiling module weighted_round_robin_tb_top
All of 18 modules done
make[1]: Entering directory '/home/lucas-kisabeth/MooresLabAI/mooreplatformbe/mooreCube/workspace/tmp/weighted_round_robin_proj/run/csrc' \

rm -f _cuarc*.so _csrc*.so pre_vcsobj_*.so share_vcsobj_*.so
g++ -w  -pipe -DVCS -DUVM_DPI_DO_TYPE_CHECK -fPIC -O -I/usr/synopsys/vcs/W-2024.09/include \
-c /usr/synopsys/vcs/W-2024.09/etc/uvm/dpi/uvm_dpi.cc
if [ -x ../simv ]; then chmod a-x ../simv; fi
g++  -o ../simv   -no-pie    -rdynamic  -Wl,-rpath='$ORIGIN'/simv.daidir -Wl,-rpath=./simv.daidir \
-Wl,-rpath=/usr/synopsys/vcs/W-2024.09/linux64/lib -L/usr/synopsys/vcs/W-2024.09/linux64/lib \
-z noexecstack  -Wl,-rpath-link=./ -Wl,--no-as-needed  /usr/synopsys/vcs/W-2024.09/linux64/lib/vpdlogstub.o \
uvm_dpi.o   objs/amcQw_d.o  _159880_archive_1.so  SIM_l.o      rmapats_mop.o rmapats.o \
rmar.o rmar_nd.o  rmar_llvm_0_1.o rmar_llvm_0_0.o            -lvirsim -lerrorinf \
-lsnpsmalloc -lvfs    -lvcsnew -lsimprofile -lreader_common /usr/synopsys/vcs/W-2024.09/linux64/lib/libBA.a \
-luclinative /usr/synopsys/vcs/W-2024.09/linux64/lib/vcs_tls.o   -Wl,-whole-archive \
-lvcsucli    -Wl,-no-whole-archive      ./../simv.daidir/vc_hdrs.o    /usr/synopsys/vcs/W-2024.09/linux64/lib/vcs_save_restore_new.o \
-ldl  -lc -lm -lpthread -ldl 
../simv up to date
make[1]: Leaving directory '/home/lucas-kisabeth/MooresLabAI/mooreplatformbe/mooreCube/workspace/tmp/weighted_round_robin_proj/run/csrc' \

CPU time: 3.596 seconds to compile + .203 seconds to elab + .435 seconds to link
